<?xml version="1.0" encoding="utf-8"?><testsuites name="pytest tests"><testsuite name="pytest" errors="0" failures="0" skipped="0" tests="3" time="1.467" timestamp="2026-08-26T18:01:57.525445+00:00" hostname="agent-env-a1dcb638-0702-40d5-ad93-ad4859a21f0d"><testcase classname="tests.test_background_story.TestBackgroundStoryGeneration" name="test_post_stories_returns_immediately" time="0.507" /><testcase classname="tests.test_background_story.TestBackgroundStoryGeneration" name="test_get_story_returns_processing" time="0.279" /><testcase classname="tests.test_background_story.TestBackgroundStoryGeneration" name="test_post_stories_returns_valid_structure" time="0.167" /></testsuite></testsuites>