<?xml version="1.0" encoding="utf-8"?><testsuites name="pytest tests"><testsuite name="pytest" errors="0" failures="0" skipped="0" tests="9" time="5.510" timestamp="2026-09-18T08:38:56.572111+00:00" hostname="agent-env-705c2fff-60a9-4c3f-9307-326ed90ab587"><testcase classname="tests.test_iteration4_regional_pricing_payments" name="test_public_pricing_exact_24_entries_and_policy_fields" time="0.177" /><testcase classname="tests.test_iteration4_regional_pricing_payments" name="test_parent_cannot_update_admin_pricing" time="0.462" /><testcase classname="tests.test_iteration4_regional_pricing_payments" name="test_admin_pricing_update_conflict_and_restore" time="0.301" /><testcase classname="tests.test_iteration4_regional_pricing_payments" name="test_paid_story_creation_is_awaiting_payment_and_blocks_retry_and_share" time="0.600" /><testcase classname="tests.test_iteration4_regional_pricing_payments" name="test_malicious_paid_amount_override_is_rejected_409" time="0.466" /><testcase classname="tests.test_iteration4_regional_pricing_payments" name="test_story_create_idempotent_same_request_id_same_story_and_order" time="0.544" /><testcase classname="tests.test_iteration4_regional_pricing_payments" name="test_print_order_uses_story_page_count_snapshot_and_owner_only_read" time="0.926" /><testcase classname="tests.test_iteration4_regional_pricing_payments" name="test_concurrent_free_requests_only_one_reserves_and_second_409" time="0.013" /><testcase classname="tests.test_iteration4_regional_pricing_payments" name="test_after_free_consumed_second_8_page_requires_paid_quote" time="0.014" /></testsuite></testsuites>