<?xml version="1.0" encoding="utf-8"?><testsuites name="pytest tests"><testsuite name="pytest" errors="0" failures="0" skipped="0" tests="3" time="2.206" timestamp="2026-09-18T07:51:18.877803+00:00" hostname="agent-env-705c2fff-60a9-4c3f-9307-326ed90ab587"><testcase classname="tests.test_guest_policy_auth_guards" name="test_anonymous_and_invalid_or_expired_jwt_cannot_create_story_or_launch_tasks" time="0.012" /><testcase classname="tests.test_guest_policy_auth_guards" name="test_authenticated_create_202_uses_authenticated_owner_and_ignores_client_user_id" time="0.010" /><testcase classname="tests.test_guest_policy_auth_guards" name="test_anonymous_retry_401_even_with_matching_guest_cookie_and_owner_retry_202" time="0.011" /></testsuite></testsuites>