<?xml version="1.0" encoding="utf-8"?><testsuites name="pytest tests"><testsuite name="pytest" errors="0" failures="0" skipped="0" tests="19" time="10.100" timestamp="2026-09-18T07:49:02.151944+00:00" hostname="agent-env-705c2fff-60a9-4c3f-9307-326ed90ab587"><testcase classname="tests.test_phase2_api" name="test_auth_config_google_and_reset_disabled" time="0.293" /><testcase classname="tests.test_phase2_api" name="test_forgot_password_disabled_for_known_and_unknown_email" time="0.489" /><testcase classname="tests.test_phase2_api" name="test_signup_login_duplicate_wrong_password_jwt_and_logout" time="1.317" /><testcase classname="tests.test_phase2_api" name="test_auth_me_never_leaks_sensitive_fields" time="0.399" /><testcase classname="tests.test_phase2_api" name="test_parent_cannot_escalate_to_admin" time="0.406" /><testcase classname="tests.test_phase2_api" name="test_private_ownership_and_share_read_only" time="1.298" /><testcase classname="tests.test_phase2_api" name="test_guest_claim_and_no_second_guest_story" time="0.586" /><testcase classname="tests.test_phase2_api" name="test_reset_token_one_time_expiry_and_session_invalidation" time="1.587" /><testcase classname="tests.test_phase2_api" name="test_progress_endpoint_and_voice_on_real_completed_story" time="0.518" /><testcase classname="tests.test_phase2_api" name="test_progress_private_for_another_parent" time="0.404" /><testcase classname="tests.test_phase2_api" name="test_invalid_voice_rejected_with_validation_error" time="0.403" /><testcase classname="tests.test_phase2_api" name="test_migration_tags_missing_user_id_records_idempotently" time="0.007" /><testcase classname="tests.test_phase2_api" name="test_auth_me_and_logout_routes_are_not_duplicated" time="0.001" /><testcase classname="tests.test_phase2_retry_endpoint" name="test_retry_returns_409_for_generating_or_complete_and_denies_other_parent" time="0.015" /><testcase classname="tests.test_phase2_retry_endpoint" name="test_competing_retries_only_launch_background_once" time="0.059" /><testcase classname="tests.test_phase2_retry_endpoint" name="test_progress_stage_page_percent_change_after_retry_checkpoints" time="0.227" /><testcase classname="tests.test_guest_policy_auth_guards" name="test_anonymous_and_invalid_or_expired_jwt_cannot_create_story_or_launch_tasks" time="0.008" /><testcase classname="tests.test_guest_policy_auth_guards" name="test_authenticated_create_202_uses_authenticated_owner_and_ignores_client_user_id" time="0.006" /><testcase classname="tests.test_guest_policy_auth_guards" name="test_anonymous_retry_401_even_with_matching_guest_cookie_and_owner_retry_202" time="0.011" /></testsuite></testsuites>