<?xml version="1.0" encoding="utf-8"?><testsuites name="pytest tests"><testsuite name="pytest" errors="0" failures="0" skipped="0" tests="12" time="8.854" timestamp="2026-09-17T17:37:53.592103+00:00" hostname="agent-env-705c2fff-60a9-4c3f-9307-326ed90ab587"><testcase classname="tests.test_phase2_api" name="test_auth_config_google_and_reset_disabled" time="0.308" /><testcase classname="tests.test_phase2_api" name="test_forgot_password_disabled_for_known_and_unknown_email" time="0.505" /><testcase classname="tests.test_phase2_api" name="test_signup_login_duplicate_wrong_password_jwt_and_logout" time="1.516" /><testcase classname="tests.test_phase2_api" name="test_auth_me_never_leaks_sensitive_fields" time="0.458" /><testcase classname="tests.test_phase2_api" name="test_parent_cannot_escalate_to_admin" time="0.483" /><testcase classname="tests.test_phase2_api" name="test_private_ownership_and_share_read_only" time="1.790" /><testcase classname="tests.test_phase2_api" name="test_guest_claim_and_no_second_guest_story" time="0.758" /><testcase classname="tests.test_phase2_api" name="test_reset_token_one_time_expiry_and_session_invalidation" time="1.633" /><testcase classname="tests.test_phase2_api" name="test_progress_endpoint_and_voice_on_real_completed_story" time="0.613" /><testcase classname="tests.test_phase2_api" name="test_progress_private_for_another_parent" time="0.486" /><testcase classname="tests.test_phase2_api" name="test_invalid_voice_rejected_with_validation_error" time="0.132" /><testcase classname="tests.test_phase2_api" name="test_migration_tags_missing_user_id_records_idempotently" time="0.004" /></testsuite></testsuites>