<?xml version="1.0" encoding="utf-8"?><testsuites name="pytest tests"><testsuite name="pytest" errors="0" failures="0" skipped="0" tests="11" time="5.855" timestamp="2026-08-26T14:10:50.361755+00:00" hostname="agent-env-a1dcb638-0702-40d5-ad93-ad4859a21f0d"><testcase classname="tests.test_payment_gateway.TestStripeOrder" name="test_create_order_stripe_status" time="1.090" /><testcase classname="tests.test_payment_gateway.TestMidtransOrder" name="test_create_order_midtrans_status" time="2.870" /><testcase classname="tests.test_payment_gateway.TestStripeOrder" name="test_create_order_stripe_gateway_field" time="0.523" /><testcase classname="tests.test_payment_gateway.TestStripeOrder" name="test_create_order_stripe_checkout_url" time="0.447" /><testcase classname="tests.test_payment_gateway.TestPaymentStatus" name="test_payment_status_for_new_order" time="0.642" /><testcase classname="tests.test_payment_gateway.TestPaymentStatus" name="test_payment_status_not_found" time="0.097" /><testcase classname="tests.test_payment_gateway.TestStripeWebhook" name="test_stripe_webhook_get_returns_405" time="0.097" /><testcase classname="tests.test_payment_gateway.TestMidtransOrder" name="test_create_order_midtrans_gateway_field" time="0.820" /><testcase classname="tests.test_payment_gateway.TestMidtransNotification" name="test_midtrans_notification_bad_signature" time="0.104" /><testcase classname="tests.test_payment_gateway.TestMidtransOrder" name="test_create_order_midtrans_snap_token" time="0.830" /><testcase classname="tests.test_payment_gateway.TestMidtransOrder" name="test_create_order_midtrans_redirect_url" time="0.828" /></testsuite></testsuites>