<?xml version="1.0" encoding="utf-8"?><testsuites name="pytest tests"><testsuite name="pytest" errors="0" failures="0" skipped="0" tests="21" time="13.799" timestamp="2026-09-17T17:45:35.197010+00:00" hostname="agent-env-705c2fff-60a9-4c3f-9307-326ed90ab587"><testcase classname="tests.test_phase2_api" name="test_auth_config_google_and_reset_disabled" time="0.239" /><testcase classname="tests.test_phase2_api" name="test_forgot_password_disabled_for_known_and_unknown_email" time="0.634" /><testcase classname="tests.test_phase2_api" name="test_signup_login_duplicate_wrong_password_jwt_and_logout" time="3.150" /><testcase classname="tests.test_phase2_api" name="test_auth_me_never_leaks_sensitive_fields" time="0.461" /><testcase classname="tests.test_phase2_api" name="test_parent_cannot_escalate_to_admin" time="0.486" /><testcase classname="tests.test_phase2_api" name="test_private_ownership_and_share_read_only" time="1.991" /><testcase classname="tests.test_phase2_api" name="test_guest_claim_and_no_second_guest_story" time="1.197" /><testcase classname="tests.test_phase2_api" name="test_reset_token_one_time_expiry_and_session_invalidation" time="1.746" /><testcase classname="tests.test_phase2_api" name="test_progress_endpoint_and_voice_on_real_completed_story" time="0.590" /><testcase classname="tests.test_phase2_api" name="test_progress_private_for_another_parent" time="0.499" /><testcase classname="tests.test_phase2_api" name="test_invalid_voice_rejected_with_validation_error" time="0.210" /><testcase classname="tests.test_phase2_api" name="test_migration_tags_missing_user_id_records_idempotently" time="0.008" /><testcase classname="tests.test_phase2_api" name="test_auth_me_and_logout_routes_are_not_duplicated" time="0.001" /><testcase classname="tests.test_phase2_recovery_pipeline" name="test_generate_partial_then_retry_image_timeout_retains_progress" time="0.027" /><testcase classname="tests.test_phase2_recovery_pipeline" name="test_generate_partial_then_retry_audio_none_only_retries_missing_audio" time="0.009" /><testcase classname="tests.test_phase2_recovery_pipeline" name="test_generate_failure_before_any_page_keeps_zero_pages_and_partial_status" time="0.002" /><testcase classname="tests.test_phase2_recovery_pipeline" name="test_generate_completed_audio_without_timing_adds_missing_timestamps_only" time="0.003" /><testcase classname="tests.test_phase2_recovery_pipeline" name="test_sentence_timestamps_extracts_duration_for_wav_and_mp3" time="0.001" /><testcase classname="tests.test_phase2_retry_endpoint" name="test_retry_returns_409_for_generating_or_complete_and_denies_other_parent" time="0.013" /><testcase classname="tests.test_phase2_retry_endpoint" name="test_competing_retries_only_launch_background_once" time="0.058" /><testcase classname="tests.test_phase2_retry_endpoint" name="test_progress_stage_page_percent_change_after_retry_checkpoints" time="0.225" /></testsuite></testsuites>