<?xml version="1.0" encoding="utf-8"?><testsuites name="pytest tests"><testsuite name="pytest" errors="0" failures="0" skipped="0" tests="5" time="5.067" timestamp="2026-08-26T16:42:55.690591+00:00" hostname="agent-env-a1dcb638-0702-40d5-ad93-ad4859a21f0d"><testcase classname="tests.test_visual_style.TestStylePromptsBackend" name="test_api_root_reachable" time="1.919" /><testcase classname="tests.test_visual_style.TestStylePromptsBackend" name="test_story_create_accepts_visual_style_no_422" time="0.964" /><testcase classname="tests.test_visual_style.TestStylePromptsBackend" name="test_story_create_accepts_claymation" time="0.192" /><testcase classname="tests.test_visual_style.TestStylePromptsBackend" name="test_story_create_defaults_to_classic_watercolor" time="0.320" /><testcase classname="tests.test_visual_style.TestStylePromptsBackend" name="test_story_create_all_six_styles_no_422" time="1.111" /></testsuite></testsuites>