<?xml version="1.0" encoding="utf-8"?><testsuites name="pytest tests"><testsuite name="pytest" errors="0" failures="1" skipped="0" tests="8" time="1.640" timestamp="2026-08-26T15:06:48.886463+00:00" hostname="agent-env-a1dcb638-0702-40d5-ad93-ad4859a21f0d"><testcase classname="tests.test_auth_and_routes.TestAuthMe" name="test_auth_me_no_token_returns_401" time="0.313" /><testcase classname="tests.test_auth_and_routes.TestStoriesProtected" name="test_get_stories_no_auth_returns_401" time="0.387" /><testcase classname="tests.test_auth_and_routes.TestAuthMe" name="test_auth_me_with_token_returns_user" time="0.148" /><testcase classname="tests.test_auth_and_routes.TestStoriesProtected" name="test_get_stories_with_auth_returns_list" time="0.214" /><testcase classname="tests.test_auth_and_routes.TestAuthLogout" name="test_logout_clears_session" time="0.319" /><testcase classname="tests.test_auth_and_routes.TestOrdersProtected" name="test_get_orders_no_auth_returns_401" time="0.221" /><testcase classname="tests.test_auth_and_routes.TestAuthLogout" name="test_auth_me_after_logout_returns_401" time="0.223"><failure message="AssertionError: Expected 401 after logout, got 200&#10;assert 200 == 401&#10; +  where 200 = &lt;Response [200]&gt;.status_code">backend/tests/test_auth_and_routes.py:72: in test_auth_me_after_logout_returns_401
    assert r.status_code == 401, f"Expected 401 after logout, got {r.status_code}"
E   AssertionError: Expected 401 after logout, got 200
E   assert 200 == 401
E    +  where 200 = &lt;Response [200]&gt;.status_code</failure></testcase><testcase classname="tests.test_auth_and_routes.TestAdminOrders" name="test_get_admin_orders_no_auth_returns_list" time="0.201" /></testsuite></testsuites>