<?xml version="1.0" encoding="utf-8"?><testsuites name="pytest tests"><testsuite name="pytest" errors="0" failures="0" skipped="0" tests="7" time="1.705" timestamp="2026-08-26T15:19:48.378335+00:00" hostname="agent-env-a1dcb638-0702-40d5-ad93-ad4859a21f0d"><testcase classname="tests.test_admin_role.TestAuthMe" name="test_auth_me_admin_returns_role_admin" time="0.300" /><testcase classname="tests.test_admin_role.TestAdminOrders" name="test_admin_orders_with_admin_token_returns_200" time="0.232" /><testcase classname="tests.test_admin_role.TestAdminOrders" name="test_admin_orders_with_parent_token_returns_403" time="0.314" /><testcase classname="tests.test_admin_role.TestAuthMe" name="test_auth_me_parent_returns_role_parent" time="0.173" /><testcase classname="tests.test_admin_role.TestUpdateOrder" name="test_patch_order_with_parent_returns_403" time="0.344" /><testcase classname="tests.test_admin_role.TestAdminOrders" name="test_admin_orders_without_token_returns_401" time="0.202" /><testcase classname="tests.test_admin_role.TestUpdateOrder" name="test_patch_order_with_admin_returns_200_or_404" time="0.359" /></testsuite></testsuites>