<?xml version="1.0" encoding="utf-8"?><testsuites name="pytest tests"><testsuite name="pytest" errors="0" failures="1" skipped="0" tests="13" time="2.262" timestamp="2026-08-25T11:15:24.533600+00:00" hostname="agent-env-a1dcb638-0702-40d5-ad93-ad4859a21f0d"><testcase classname="tests.backend_test.TestOrders" name="test_create_order_and_persist" time="0.371" /><testcase classname="tests.backend_test.TestStoryReads" name="test_list_stories_lightweight" time="0.467" /><testcase classname="tests.backend_test.TestOrders" name="test_orders_sorted_newest_first" time="0.074" /><testcase classname="tests.backend_test.TestOrders" name="test_update_order_status" time="0.230" /><testcase classname="tests.backend_test.TestStoryReads" name="test_get_story_by_id" time="0.075" /><testcase classname="tests.backend_test.TestStoryReads" name="test_get_story_not_found" time="0.121" /><testcase classname="tests.backend_test.TestStoryReads" name="test_all_illustrations_locally_generated" time="0.000"><failure message="AssertionError: 20/32 pages use the external placeholder fallback (illustration generation failed): {'https://images.unsplash.com/photo-1645113614899-000bdab2bbcf?crop=entropy&amp;cs=srgb&amp;fm=jpg&amp;q=85'}&#10;assert not ['https://images.unsplash.com/photo-1645113614899-000bdab2bbcf?crop=entropy&amp;cs=srgb&amp;fm=jpg&amp;q=85', 'https://images.unsplash.com/photo-1645113614899-000bdab2bbcf?crop=entropy&amp;cs=srgb&amp;fm=jpg&amp;q=85', 'https://images.unsplash.com/photo-1645113614899-000bdab2bbcf?crop=entropy&amp;cs=srgb&amp;fm=jpg&amp;q=85', 'https://images.unsplash.com/photo-1645113614899-000bdab2bbcf?crop=entropy&amp;cs=srgb&amp;fm=jpg&amp;q=85', 'https://images.unsplash.com/photo-1645113614899-000bdab2bbcf?crop=entropy&amp;cs=srgb&amp;fm=jpg&amp;q=85', 'https://images.unsplash.com/photo-1645113614899-000bdab2bbcf?crop=entropy&amp;cs=srgb&amp;fm=jpg&amp;q=85', ...]">E   AssertionError: 20/32 pages use the external placeholder fallback (illustration generation failed): {'https://images.unsplash.com/photo-1645113614899-000bdab2bbcf?crop=entropy&amp;cs=srgb&amp;fm=jpg&amp;q=85'}
    assert not ['https://images.unsplash.com/photo-1645113614899-000bdab2bbcf?crop=entropy&amp;cs=srgb&amp;fm=jpg&amp;q=85', 'https://images.unsplash.com/photo-1645113614899-000bdab2bbcf?crop=entropy&amp;cs=srgb&amp;fm=jpg&amp;q=85', 'https://images.unsplash.com/photo-1645113614899-000bdab2bbcf?crop=entropy&amp;cs=srgb&amp;fm=jpg&amp;q=85', 'https://images.unsplash.com/photo-1645113614899-000bdab2bbcf?crop=entropy&amp;cs=srgb&amp;fm=jpg&amp;q=85', 'https://images.unsplash.com/photo-1645113614899-000bdab2bbcf?crop=entropy&amp;cs=srgb&amp;fm=jpg&amp;q=85', 'https://images.unsplash.com/photo-1645113614899-000bdab2bbcf?crop=entropy&amp;cs=srgb&amp;fm=jpg&amp;q=85', ...]</failure></testcase><testcase classname="tests.backend_test.TestStoryReads" name="test_image_file_served" time="0.250" /><testcase classname="tests.backend_test.TestOrders" name="test_update_order_invalid_status" time="0.142" /><testcase classname="tests.backend_test.TestOrders" name="test_update_order_not_found" time="0.070" /><testcase classname="tests.backend_test.TestHealth" name="test_root" time="0.152" /><testcase classname="tests.backend_test.TestStoryReads" name="test_missing_image_returns_404" time="0.084" /><testcase classname="tests.backend_test.TestStoryReads" name="test_story_validation_error" time="0.212" /></testsuite></testsuites>