<?xml version="1.0" encoding="utf-8"?><testsuites name="pytest tests"><testsuite name="pytest" errors="0" failures="0" skipped="0" tests="5" time="2.462" timestamp="2026-08-26T19:35:45.424206+00:00" hostname="agent-env-a1dcb638-0702-40d5-ad93-ad4859a21f0d"><testcase classname="tests.test_story_prompt.TestStoryPromptAPI" name="test_create_story_without_prompt_returns_processing" time="0.454" /><testcase classname="tests.test_story_prompt.TestStoryPromptAPI" name="test_create_story_with_prompt_returns_processing" time="0.278" /><testcase classname="tests.test_story_prompt.TestStoryPromptAPI" name="test_create_story_prompt_persisted_via_get" time="0.603" /><testcase classname="tests.test_story_prompt.TestStoryPromptAPI" name="test_create_story_with_empty_string_prompt" time="0.177" /><testcase classname="tests.test_story_prompt.TestStoryPromptAPI" name="test_create_story_without_auth_still_works" time="0.452" /></testsuite></testsuites>